#
# A fatal error has been detected by the Java Runtime Environment:
#
#  EXCEPTION_ACCESS_VIOLATION (0xc0000005) at pc=0x70648b49, pid=324, tid=0x00000958
#
# JRE version: Java(TM) SE Runtime Environment (8.0_161-b12) (build 1.8.0_161-b12)
# Java VM: Java HotSpot(TM) Client VM (25.161-b12 mixed mode, sharing windows-x86 )
# Problematic frame:
# V  [jvm.dll+0x8b49]
#
# Failed to write core dump. Minidumps are not enabled by default on client versions of Windows
#
# If you would like to submit a bug report, please visit:
#   http://bugreport.java.com/bugreport/crash.jsp
#

---------------  T H R E A D  ---------------

Current thread (0x00713800):  VMThread [stack: 0x01000000,0x01050000] [id=2392]

siginfo: ExceptionCode=0xc0000005, reading address 0x00000000

Registers:
EAX=0x0000001e, EBX=0x75e45650, ECX=0x00000000, EDX=0x7094c9bc
ESP=0x0104f078, EBP=0x0104f080, ESI=0x00000000, EDI=0x7094c9bd
EIP=0x70648b49, EFLAGS=0x00010216

Top of Stack: (sp=0x0104f078)
0x0104f078:   00713800 0104f144 0104f114 708022c0
0x0104f088:   7094c9bc 00000000 00000000 00000000
0x0104f098:   0104f730 00000000 70900c2a 0104f158
0x0104f0a8:   0104f740 00000000 75e45650 00000000
0x0104f0b8:   00000000 00000000 00000000 00000000
0x0104f0c8:   00000000 00000000 00ffe860 00000000
0x0104f0d8:   00b35000 00000000 00fffda0 0104f120
0x0104f0e8:   77d3dae3 77e18654 0104f2d0 0104f280 

Instructions: (pc=0x70648b49)
0x70648b29:   c2 08 00 cc cc cc cc 55 8b ec 8b 55 08 56 8b c2
0x70648b39:   57 8b f1 8d 78 01 90 8a 08 40 84 c9 75 f9 2b c7
0x70648b49:   8b 3e 50 8b 47 04 52 8b ce ff d0 8b ce e8 45 e3
0x70648b59:   19 00 5f 5e 5d c2 04 00 cc cc cc cc cc cc cc cc 


Register to memory mapping:

EAX=
[error occurred during error reporting (printing register info), id 0xc0000005]

Stack: [0x01000000,0x01050000],  sp=0x0104f078,  free space=316k
Native frames: (J=compiled Java code, j=interpreted, Vv=VM code, C=native code)
V  [jvm.dll+0x8b49]
V  [jvm.dll+0x1c22c0]
V  [jvm.dll+0x1c3bf8]
C  [msvcr100.dll+0x10fac]
C  [msvcr100.dll+0x110b1]
C  [KERNEL32.DLL+0x18484]
C  [ntdll.dll+0x63ab8]
C  [ntdll.dll+0x63a88]

VM_Operation (0x1677e280): Exit, mode: safepoint, requested by thread 0x14f02c00


---------------  P R O C E S S  ---------------

Java Threads: ( => current thread )
  0x14fbe800 JavaThread "Thread-0" daemon [_thread_blocked, id=7508, stack(0x17580000,0x175d0000)]
  0x0030c800 JavaThread "DestroyJavaVM" [_thread_blocked, id=5592, stack(0x00ee0000,0x00f30000)]
  0x14f02c00 JavaThread "AWT-EventQueue-0" [_thread_blocked, id=8428, stack(0x16730000,0x16780000)]
  0x14ed1c00 JavaThread "AWT-Shutdown" [_thread_blocked, id=9056, stack(0x151e0000,0x15230000)]
  0x14ed1400 JavaThread "Java2D Disposer" daemon [_thread_blocked, id=7964, stack(0x15150000,0x151a0000)]
  0x00796c00 JavaThread "Service Thread" daemon [_thread_blocked, id=2096, stack(0x14d40000,0x14d90000)]
  0x00780400 JavaThread "C1 CompilerThread0" daemon [_thread_blocked, id=6244, stack(0x14cb0000,0x14d00000)]
  0x0077f400 JavaThread "Attach Listener" daemon [_thread_blocked, id=6960, stack(0x14c20000,0x14c70000)]
  0x00774c00 JavaThread "Finalizer" daemon [_thread_blocked, id=9000, stack(0x045a0000,0x045f0000)]
  0x00716800 JavaThread "Reference Handler" daemon [_thread_blocked, id=7868, stack(0x01090000,0x010e0000)]

Other Threads:
=>0x00713800 VMThread [stack: 0x01000000,0x01050000] [id=2392]

VM state:at safepoint (shutting down)

VM Mutex/Monitor currently owned by a thread:  ([mutex/lock_event])
[0x0030b450] Threads_lock - owner thread: 0x00713800

Heap:
 def new generation   total 8000K, used 3049K [0x04600000, 0x04ea0000, 0x09b50000)
  eden space 7168K,  37% used [0x04600000, 0x04898b80, 0x04d00000)
  from space 832K,  46% used [0x04dd0000, 0x04e31bc8, 0x04ea0000)
  to   space 832K,   0% used [0x04d00000, 0x04d00000, 0x04dd0000)
 tenured generation   total 17524K, used 15928K [0x09b50000, 0x0ac6d000, 0x14600000)
   the space 17524K,  90% used [0x09b50000, 0x0aade1c8, 0x0aade200, 0x0ac6d000)
 Metaspace       used 767K, capacity 2508K, committed 2624K, reserved 4480K

Card table byte_map: [0x00f30000,0x00fc0000] byte_map_base: 0x00f0d000

Polling page: 0x00250000

CodeCache: size=32768Kb used=1132Kb max_used=1132Kb free=31635Kb
 bounds [0x025a0000, 0x026c0000, 0x045a0000]
 total_blobs=601 nmethods=379 adapters=153
 compilation: enabled

Compilation events (10 events):
Event: 3.343 Thread 0x00780400  376             java.util.ArrayList::access$000 (5 bytes)
Event: 3.344 Thread 0x00780400 nmethod 376 0x026ba648 code [0x026ba740, 0x026ba7b0]
Event: 3.371 Thread 0x00780400  377             java.util.ArrayList::size (5 bytes)
Event: 3.371 Thread 0x00780400 nmethod 377 0x026ba808 code [0x026ba900, 0x026ba980]
Event: 3.443 Thread 0x00780400  378             java.awt.Component::inside (30 bytes)
Event: 3.443 Thread 0x00780400 nmethod 378 0x026ba9c8 code [0x026baac0, 0x026bab80]
Event: 3.470 Thread 0x00780400  379             sun.util.logging.PlatformLogger$DefaultLoggerProxy::isLoggable (29 bytes)
Event: 3.471 Thread 0x00780400 nmethod 379 0x026babc8 code [0x026bacd0, 0x026badc0]
Event: 3.471 Thread 0x00780400  380             sun.util.logging.PlatformLogger::isLoggable (38 bytes)
Event: 3.471 Thread 0x00780400 nmethod 380 0x026baf08 code [0x026bb020, 0x026bb154]

GC Heap History (10 events):
Event: 2.599 GC heap before
{Heap before GC invocations=11 (full 1):
 def new generation   total 8000K, used 7734K [0x04600000, 0x04ea0000, 0x09b50000)
  eden space 7168K, 100% used [0x04600000, 0x04d00000, 0x04d00000)
  from space 832K,  68% used [0x04d00000, 0x04d8d928, 0x04dd0000)
  to   space 832K,   0% used [0x04dd0000, 0x04dd0000, 0x04ea0000)
 tenured generation   total 17524K, used 13127K [0x09b50000, 0x0ac6d000, 0x14600000)
   the space 17524K,  74% used [0x09b50000, 0x0a821d80, 0x0a821e00, 0x0ac6d000)
 Metaspace       used 763K, capacity 2508K, committed 2624K, reserved 4480K
Event: 2.604 GC heap after
Heap after GC invocations=12 (full 1):
 def new generation   total 8000K, used 752K [0x04600000, 0x04ea0000, 0x09b50000)
  eden space 7168K,   0% used [0x04600000, 0x04600000, 0x04d00000)
  from space 832K,  90% used [0x04dd0000, 0x04e8c310, 0x04ea0000)
  to   space 832K,   0% used [0x04d00000, 0x04d00000, 0x04dd0000)
 tenured generation   total 17524K, used 15920K [0x09b50000, 0x0ac6d000, 0x14600000)
   the space 17524K,  90% used [0x09b50000, 0x0aadc268, 0x0aadc400, 0x0ac6d000)
 Metaspace       used 763K, capacity 2508K, committed 2624K, reserved 4480K
}
Event: 2.735 GC heap before
{Heap before GC invocations=12 (full 1):
 def new generation   total 8000K, used 7840K [0x04600000, 0x04ea0000, 0x09b50000)
  eden space 7168K,  98% used [0x04600000, 0x04cec068, 0x04d00000)
  from space 832K,  90% used [0x04dd0000, 0x04e8c310, 0x04ea0000)
  to   space 832K,   0% used [0x04d00000, 0x04d00000, 0x04dd0000)
 tenured generation   total 17524K, used 15920K [0x09b50000, 0x0ac6d000, 0x14600000)
   the space 17524K,  90% used [0x09b50000, 0x0aadc268, 0x0aadc400, 0x0ac6d000)
 Metaspace       used 763K, capacity 2508K, committed 2624K, reserved 4480K
Event: 2.758 GC heap after
Heap after GC invocations=13 (full 2):
 def new generation   total 8000K, used 0K [0x04600000, 0x04ea0000, 0x09b50000)
  eden space 7168K,   0% used [0x04600000, 0x04600000, 0x04d00000)
  from space 832K,   0% used [0x04d00000, 0x04d00000, 0x04dd0000)
  to   space 832K,   0% used [0x04dd0000, 0x04dd0000, 0x04ea0000)
 tenured generation   total 17524K, used 7922K [0x09b50000, 0x0ac6d000, 0x14600000)
   the space 17524K,  45% used [0x09b50000, 0x0a30caf0, 0x0a30cc00, 0x0ac6d000)
 Metaspace       used 763K, capacity 2508K, committed 2624K, reserved 4480K
}
Event: 2.842 GC heap before
{Heap before GC invocations=13 (full 2):
 def new generation   total 8000K, used 7168K [0x04600000, 0x04ea0000, 0x09b50000)
  eden space 7168K, 100% used [0x04600000, 0x04d00000, 0x04d00000)
  from space 832K,   0% used [0x04d00000, 0x04d00000, 0x04dd0000)
  to   space 832K,   0% used [0x04dd0000, 0x04dd0000, 0x04ea0000)
 tenured generation   total 17524K, used 7922K [0x09b50000, 0x0ac6d000, 0x14600000)
   the space 17524K,  45% used [0x09b50000, 0x0a30caf0, 0x0a30cc00, 0x0ac6d000)
 Metaspace       used 763K, capacity 2508K, committed 2624K, reserved 4480K
Event: 2.844 GC heap after
Heap after GC invocations=14 (full 2):
 def new generation   total 8000K, used 195K [0x04600000, 0x04ea0000, 0x09b50000)
  eden space 7168K,   0% used [0x04600000, 0x04600000, 0x04d00000)
  from space 832K,  23% used [0x04dd0000, 0x04e00dc8, 0x04ea0000)
  to   space 832K,   0% used [0x04d00000, 0x04d00000, 0x04dd0000)
 tenured generation   total 17524K, used 10535K [0x09b50000, 0x0ac6d000, 0x14600000)
   the space 17524K,  60% used [0x09b50000, 0x0a599f00, 0x0a59a000, 0x0ac6d000)
 Metaspace       used 763K, capacity 2508K, committed 2624K, reserved 4480K
}
Event: 2.981 GC heap before
{Heap before GC invocations=14 (full 2):
 def new generation   total 8000K, used 7363K [0x04600000, 0x04ea0000, 0x09b50000)
  eden space 7168K, 100% used [0x04600000, 0x04d00000, 0x04d00000)
  from space 832K,  23% used [0x04dd0000, 0x04e00dc8, 0x04ea0000)
  to   space 832K,   0% used [0x04d00000, 0x04d00000, 0x04dd0000)
 tenured generation   total 17524K, used 10535K [0x09b50000, 0x0ac6d000, 0x14600000)
   the space 17524K,  60% used [0x09b50000, 0x0a599f00, 0x0a59a000, 0x0ac6d000)
 Metaspace       used 763K, capacity 2508K, committed 2624K, reserved 4480K
Event: 2.984 GC heap after
Heap after GC invocations=15 (full 2):
 def new generation   total 8000K, used 555K [0x04600000, 0x04ea0000, 0x09b50000)
  eden space 7168K,   0% used [0x04600000, 0x04600000, 0x04d00000)
  from space 832K,  66% used [0x04d00000, 0x04d8adf0, 0x04dd0000)
  to   space 832K,   0% used [0x04dd0000, 0x04dd0000, 0x04ea0000)
 tenured generation   total 17524K, used 13148K [0x09b50000, 0x0ac6d000, 0x14600000)
   the space 17524K,  75% used [0x09b50000, 0x0a827310, 0x0a827400, 0x0ac6d000)
 Metaspace       used 763K, capacity 2508K, committed 2624K, reserved 4480K
}
Event: 3.095 GC heap before
{Heap before GC invocations=15 (full 2):
 def new generation   total 8000K, used 7723K [0x04600000, 0x04ea0000, 0x09b50000)
  eden space 7168K, 100% used [0x04600000, 0x04d00000, 0x04d00000)
  from space 832K,  66% used [0x04d00000, 0x04d8adf0, 0x04dd0000)
  to   space 832K,   0% used [0x04dd0000, 0x04dd0000, 0x04ea0000)
 tenured generation   total 17524K, used 13148K [0x09b50000, 0x0ac6d000, 0x14600000)
   the space 17524K,  75% used [0x09b50000, 0x0a827310, 0x0a827400, 0x0ac6d000)
 Metaspace       used 763K, capacity 2508K, committed 2624K, reserved 4480K
Event: 3.098 GC heap after
Heap after GC invocations=16 (full 2):
 def new generation   total 8000K, used 390K [0x04600000, 0x04ea0000, 0x09b50000)
  eden space 7168K,   0% used [0x04600000, 0x04600000, 0x04d00000)
  from space 832K,  46% used [0x04dd0000, 0x04e31bc8, 0x04ea0000)
  to   space 832K,   0% used [0x04d00000, 0x04d00000, 0x04dd0000)
 tenured generation   total 17524K, used 15928K [0x09b50000, 0x0ac6d000, 0x14600000)
   the space 17524K,  90% used [0x09b50000, 0x0aade1c8, 0x0aade200, 0x0ac6d000)
 Metaspace       used 763K, capacity 2508K, committed 2624K, reserved 4480K
}

Deoptimization events (0 events):
No events

Classes redefined (0 events):
No events

Internal exceptions (10 events):
Event: 0.035 Thread 0x0030c800 Exception <a 'java/lang/NoSuchMethodError': Method sun.misc.Unsafe.defineClass(Ljava/lang/String;[BII)Ljava/lang/Class; name or signature does not match> (0x046079b8) thrown at [C:\re\workspace\8-2-build-windows-i586-cygwin\jdk8u161\10277\hotspot\src\shar
Event: 0.035 Thread 0x0030c800 Exception <a 'java/lang/NoSuchMethodError': Method sun.misc.Unsafe.prefetchRead(Ljava/lang/Object;J)V name or signature does not match> (0x04607c88) thrown at [C:\re\workspace\8-2-build-windows-i586-cygwin\jdk8u161\10277\hotspot\src\share\vm\prims\jni.cpp
Event: 0.123 Thread 0x0030c800 Exception <a 'java/security/PrivilegedActionException'> (0x046a6af0) thrown at [C:\re\workspace\8-2-build-windows-i586-cygwin\jdk8u161\10277\hotspot\src\share\vm\prims\jvm.cpp, line 1390]
Event: 0.123 Thread 0x0030c800 Exception <a 'java/security/PrivilegedActionException'> (0x046a6cf0) thrown at [C:\re\workspace\8-2-build-windows-i586-cygwin\jdk8u161\10277\hotspot\src\share\vm\prims\jvm.cpp, line 1390]
Event: 0.125 Thread 0x0030c800 Exception <a 'java/security/PrivilegedActionException'> (0x046aadc8) thrown at [C:\re\workspace\8-2-build-windows-i586-cygwin\jdk8u161\10277\hotspot\src\share\vm\prims\jvm.cpp, line 1390]
Event: 0.125 Thread 0x0030c800 Exception <a 'java/security/PrivilegedActionException'> (0x046aafc8) thrown at [C:\re\workspace\8-2-build-windows-i586-cygwin\jdk8u161\10277\hotspot\src\share\vm\prims\jvm.cpp, line 1390]
Event: 0.134 Thread 0x0030c800 Exception <a 'java/io/FileNotFoundException'> (0x046afa70) thrown at [C:\re\workspace\8-2-build-windows-i586-cygwin\jdk8u161\10277\hotspot\src\share\vm\prims\jni.cpp, line 709]
Event: 0.266 Thread 0x0030c800 Exception <a 'java/lang/NoSuchFieldError': method resolution failed> (0x0476d848) thrown at [C:\re\workspace\8-2-build-windows-i586-cygwin\jdk8u161\10277\hotspot\src\share\vm\prims\methodHandles.cpp, line 1167]
Event: 0.269 Thread 0x0030c800 Exception <a 'java/lang/NoSuchFieldError': method resolution failed> (0x047799e8) thrown at [C:\re\workspace\8-2-build-windows-i586-cygwin\jdk8u161\10277\hotspot\src\share\vm\prims\methodHandles.cpp, line 1167]
Event: 0.471 Thread 0x0030c800 Exception <a 'java/io/FileNotFoundException'> (0x04860558) thrown at [C:\re\workspace\8-2-build-windows-i586-cygwin\jdk8u161\10277\hotspot\src\share\vm\prims\jni.cpp, line 709]

Events (10 events):
Event: 4.113 Thread 0x14fbe800 Thread added: 0x14fbe800
Event: 4.114 Thread 0x14f1f000 Thread exited: 0x14f1f000
Event: 4.114 Thread 0x14fbe400 Thread exited: 0x14fbe400
Event: 4.115 loading class sun/java2d/pipe/hw/AccelDeviceEventNotifier
Event: 4.115 loading class sun/java2d/pipe/hw/AccelDeviceEventNotifier done
Event: 4.146 Executing VM operation: EnableBiasedLocking
Event: 4.147 Executing VM operation: EnableBiasedLocking done
Event: 4.349 Thread 0x14ed3400 Thread exited: 0x14ed3400
Event: 4.451 Thread 0x0077d400 Thread exited: 0x0077d400
Event: 4.451 Executing VM operation: Exit


Dynamic libraries:
0x01150000 - 0x01183000 	C:\Program Files (x86)\Java\jdk1.8.0_161\bin\java.exe
0x77d00000 - 0x77e90000 	C:\WINDOWS\SYSTEM32\ntdll.dll
0x75440000 - 0x75520000 	C:\WINDOWS\System32\KERNEL32.DLL
0x77060000 - 0x77244000 	C:\WINDOWS\System32\KERNELBASE.dll
0x6b490000 - 0x6b52d000 	C:\WINDOWS\SYSTEM32\apphelp.dll
0x77b90000 - 0x77c08000 	C:\WINDOWS\System32\ADVAPI32.dll
0x74c00000 - 0x74cbf000 	C:\WINDOWS\System32\msvcrt.dll
0x77b40000 - 0x77b84000 	C:\WINDOWS\System32\sechost.dll
0x75070000 - 0x75130000 	C:\WINDOWS\System32\RPCRT4.dll
0x745c0000 - 0x745e0000 	C:\WINDOWS\System32\SspiCli.dll
0x745b0000 - 0x745ba000 	C:\WINDOWS\System32\CRYPTBASE.dll
0x776d0000 - 0x77728000 	C:\WINDOWS\System32\bcryptPrimitives.dll
0x752b0000 - 0x7543d000 	C:\WINDOWS\System32\USER32.dll
0x778f0000 - 0x77907000 	C:\WINDOWS\System32\win32u.dll
0x75040000 - 0x75062000 	C:\WINDOWS\System32\GDI32.dll
0x74cc0000 - 0x74e24000 	C:\WINDOWS\System32\gdi32full.dll
0x75130000 - 0x751ad000 	C:\WINDOWS\System32\msvcp_win.dll
0x77260000 - 0x7737e000 	C:\WINDOWS\System32\ucrtbase.dll
0x6fff0000 - 0x701f4000 	C:\WINDOWS\WinSxS\x86_microsoft.windows.common-controls_6595b64144ccf1df_6.0.17134.471_none_42ebd18244e5251c\COMCTL32.dll
0x77380000 - 0x775dc000 	C:\WINDOWS\System32\combase.dll
0x75270000 - 0x75296000 	C:\WINDOWS\System32\IMM32.DLL
0x70580000 - 0x7063d000 	C:\Program Files (x86)\Java\jdk1.8.0_161\jre\bin\msvcr100.dll
0x70640000 - 0x70a10000 	C:\Program Files (x86)\Java\jdk1.8.0_161\jre\bin\client\jvm.dll
0x77ae0000 - 0x77ae6000 	C:\WINDOWS\System32\PSAPI.DLL
0x72370000 - 0x72378000 	C:\WINDOWS\SYSTEM32\WSOCK32.dll
0x71d70000 - 0x71d94000 	C:\WINDOWS\SYSTEM32\WINMM.dll
0x74510000 - 0x74518000 	C:\WINDOWS\SYSTEM32\VERSION.dll
0x74fd0000 - 0x75037000 	C:\WINDOWS\System32\WS2_32.dll
0x71ce0000 - 0x71d03000 	C:\WINDOWS\SYSTEM32\WINMMBASE.dll
0x77020000 - 0x77059000 	C:\WINDOWS\System32\cfgmgr32.dll
0x70540000 - 0x7054c000 	C:\Program Files (x86)\Java\jdk1.8.0_161\jre\bin\verify.dll
0x70510000 - 0x70532000 	C:\Program Files (x86)\Java\jdk1.8.0_161\jre\bin\java.dll
0x704f0000 - 0x70504000 	C:\Program Files (x86)\Java\jdk1.8.0_161\jre\bin\zip.dll
0x75cd0000 - 0x7701a000 	C:\WINDOWS\System32\SHELL32.dll
0x74690000 - 0x74718000 	C:\WINDOWS\System32\shcore.dll
0x75570000 - 0x75b2a000 	C:\WINDOWS\System32\windows.storage.dll
0x77af0000 - 0x77b35000 	C:\WINDOWS\System32\shlwapi.dll
0x776c0000 - 0x776cf000 	C:\WINDOWS\System32\kernel.appcore.dll
0x74720000 - 0x74738000 	C:\WINDOWS\System32\profapi.dll
0x75520000 - 0x75565000 	C:\WINDOWS\System32\powrprof.dll
0x752a0000 - 0x752a8000 	C:\WINDOWS\System32\FLTLIB.DLL
0x6b590000 - 0x6b6d5000 	C:\Program Files (x86)\Java\jdk1.8.0_161\jre\bin\awt.dll
0x74f30000 - 0x74fc6000 	C:\WINDOWS\System32\OLEAUT32.dll
0x71a70000 - 0x71aec000 	C:\WINDOWS\system32\uxtheme.dll
0x77790000 - 0x778d3000 	C:\WINDOWS\System32\MSCTF.dll
0x72770000 - 0x7282f000 	C:\WINDOWS\system32\pmls.dll
0x74e30000 - 0x74f2c000 	C:\WINDOWS\System32\ole32.dll
0x71d10000 - 0x71d66000 	C:\WINDOWS\system32\OLEACC.dll
0x71e60000 - 0x722b4000 	C:\WINDOWS\system32\WININET.dll
0x71780000 - 0x717a9000 	C:\WINDOWS\SYSTEM32\ntmarta.dll
0x719f0000 - 0x71a13000 	C:\WINDOWS\system32\dwmapi.dll
0x6ab80000 - 0x6ac59000 	C:\WINDOWS\system32\opengl32.dll
0x6ab40000 - 0x6ab7f000 	C:\WINDOWS\SYSTEM32\GLU32.dll
0x73770000 - 0x737da000 	C:\WINDOWS\SYSTEM32\Schannel.dll
0x75b30000 - 0x75cc6000 	C:\WINDOWS\System32\CRYPT32.dll
0x77250000 - 0x7725e000 	C:\WINDOWS\System32\MSASN1.dll
0x739e0000 - 0x73a36000 	C:\WINDOWS\system32\mswsock.dll
0x696c0000 - 0x696f9000 	C:\Program Files (x86)\Java\jdk1.8.0_161\jre\bin\fontmanager.dll
0x6c780000 - 0x6c7fd000 	C:\WINDOWS\System32\TextInputFramework.dll
0x6b1b0000 - 0x6b40d000 	C:\WINDOWS\System32\CoreUIComponents.dll
0x6c6f0000 - 0x6c77b000 	C:\WINDOWS\System32\CoreMessaging.dll
0x6ccc0000 - 0x6cd96000 	C:\WINDOWS\SYSTEM32\wintypes.dll
0x73810000 - 0x73836000 	C:\Program Files (x86)\Java\jdk1.8.0_161\jre\bin\jpeg.dll
0x6d400000 - 0x6d415000 	C:\Program Files (x86)\Java\jdk1.8.0_161\jre\bin\net.dll
0x6fbb0000 - 0x6fbbf000 	C:\Program Files (x86)\Java\jdk1.8.0_161\jre\bin\nio.dll
0x693f0000 - 0x69422000 	C:\Program Files (x86)\Java\jdk1.8.0_161\jre\bin\t2k.dll
0x715f0000 - 0x71772000 	C:\WINDOWS\SYSTEM32\dbghelp.dll

VM Arguments:
jvm_args: -Dfile.encoding=UTF-8 
java_command: start.Main
java_class_path (initial): C:\Users\TRABELSI\Documents\NetBeansProjects\Naval\build\classes
Launcher Type: SUN_STANDARD

Environment Variables:
PATH=C:\Program Files (x86)\AMD APP\bin\x86_64;C:\Program Files (x86)\AMD APP\bin\x86;C:\WINDOWS\system32;C:\WINDOWS;C:\WINDOWS\System32\Wbem;C:\WINDOWS\System32\WindowsPowerShell\v1.0\;C:\Program Files (x86)\ATI Technologies\ATI.ACE\Core-Static;C:\Program Files (x86)\php;C:\composer;C:\Program Files\dotnet\;C:\Program Files\Microsoft SQL Server\130\Tools\Binn\;C:\WINDOWS\System32\OpenSSH\;"C:\Java\jdk-11_windows-x64_bin\jdk-11\bin;";C:\Program Files\Git\cmd;C:\Users\TRABELSI\AppData\Local\Microsoft\WindowsApps;C:\Users\TRABELSI\AppData\Roaming\Composer\vendor\bin;C:\sqlite3;C:\php7.1.9;C:\Java\jdk-11_windows-x64_bin\jdk-11\bin;
USERNAME=TRABELSI
OS=Windows_NT
PROCESSOR_IDENTIFIER=AMD64 Family 21 Model 16 Stepping 1, AuthenticAMD



---------------  S Y S T E M  ---------------

OS: Windows 10.0 , 64 bit Build 17134 (10.0.17134.1)

CPU:total 2 (initial active 2) (2 cores per cpu, 1 threads per core) family 21 model 16 stepping 1, cmov, cx8, fxsr, mmx, sse, sse2, sse3, ssse3, sse4.1, sse4.2, popcnt, avx, aes, clmul, mmxext, 3dnowpref, lzcnt, sse4a, tsc, tscinvbit, tscinv, bmi1

Memory: 4k page, physical 3639572k(1010232k free), swap 7047444k(4035472k free)

vm_info: Java HotSpot(TM) Client VM (25.161-b12) for windows-x86 JRE (1.8.0_161-b12), built on Dec 19 2017 17:09:29 by "java_re" with MS VC++ 10.0 (VS2010)

time: Wed Dec 12 11:40:23 2018
elapsed time: 15 seconds (0d 0h 0m 15s)

