#
# A fatal error has been detected by the Java Runtime Environment:
#
#  EXCEPTION_ACCESS_VIOLATION (0xc0000005) at pc=0x70648b49, pid=1600, tid=0x00001ae8
#
# JRE version: Java(TM) SE Runtime Environment (8.0_161-b12) (build 1.8.0_161-b12)
# Java VM: Java HotSpot(TM) Client VM (25.161-b12 mixed mode, sharing windows-x86 )
# Problematic frame:
# V  [jvm.dll+0x8b49]
#
# Failed to write core dump. Minidumps are not enabled by default on client versions of Windows
#
# If you would like to submit a bug report, please visit:
#   http://bugreport.java.com/bugreport/crash.jsp
#

---------------  T H R E A D  ---------------

Current thread (0x00bc3800):  VMThread [stack: 0x00e60000,0x00eb0000] [id=6888]

siginfo: ExceptionCode=0xc0000005, reading address 0x00000000

Registers:
EAX=0x0000001e, EBX=0x75e45650, ECX=0x00000000, EDX=0x7094c9bc
ESP=0x00eaebe8, EBP=0x00eaebf0, ESI=0x00000000, EDI=0x7094c9bd
EIP=0x70648b49, EFLAGS=0x00010216

Top of Stack: (sp=0x00eaebe8)
0x00eaebe8:   00bc3800 00eaecb4 00eaec84 708022c0
0x00eaebf8:   7094c9bc 00000000 00000000 00000000
0x00eaec08:   75cd0000 00000000 70900c2a 00eaecc8
0x00eaec18:   00eaf2a0 00000000 00eaf2bc 00000000
0x00eaec28:   00000000 00000000 75e45650 00000000
0x00eaec38:   77d6eee9 00000000 00000000 00000000
0x00eaec48:   00000000 00000000 00e5e1e0 00eaec90
0x00eaec58:   77d3dae3 77e18654 00eaee40 00eaedf0 

Instructions: (pc=0x70648b49)
0x70648b29:   c2 08 00 cc cc cc cc 55 8b ec 8b 55 08 56 8b c2
0x70648b39:   57 8b f1 8d 78 01 90 8a 08 40 84 c9 75 f9 2b c7
0x70648b49:   8b 3e 50 8b 47 04 52 8b ce ff d0 8b ce e8 45 e3
0x70648b59:   19 00 5f 5e 5d c2 04 00 cc cc cc cc cc cc cc cc 


Register to memory mapping:

EAX=
[error occurred during error reporting (printing register info), id 0xc0000005]

Stack: [0x00e60000,0x00eb0000],  sp=0x00eaebe8,  free space=314k
Native frames: (J=compiled Java code, j=interpreted, Vv=VM code, C=native code)
V  [jvm.dll+0x8b49]
V  [jvm.dll+0x1c22c0]
V  [jvm.dll+0x1c3bf8]
C  [msvcr100.dll+0x10fac]
C  [msvcr100.dll+0x110b1]
C  [KERNEL32.DLL+0x18484]
C  [ntdll.dll+0x63ab8]
C  [ntdll.dll+0x63a88]

VM_Operation (0x174debc0): Exit, mode: safepoint, requested by thread 0x14d43000


---------------  P R O C E S S  ---------------

Java Threads: ( => current thread )
  0x14d22c00 JavaThread "Thread-0" daemon [_thread_blocked, id=8704, stack(0x17db0000,0x17e00000)]
  0x00d0c800 JavaThread "DestroyJavaVM" [_thread_blocked, id=8152, stack(0x00b50000,0x00ba0000)]
  0x14d43000 JavaThread "AWT-EventQueue-0" [_thread_blocked, id=3812, stack(0x17490000,0x174e0000)]
  0x14d10800 JavaThread "AWT-Shutdown" [_thread_blocked, id=4852, stack(0x15020000,0x15070000)]
  0x14d0fc00 JavaThread "Java2D Disposer" daemon [_thread_blocked, id=7744, stack(0x14f90000,0x14fe0000)]
  0x00c31c00 JavaThread "Service Thread" daemon [_thread_blocked, id=1440, stack(0x14b80000,0x14bd0000)]
  0x00c30400 JavaThread "C1 CompilerThread0" daemon [_thread_blocked, id=1880, stack(0x14af0000,0x14b40000)]
  0x00c2f400 JavaThread "Attach Listener" daemon [_thread_blocked, id=7392, stack(0x14a60000,0x14ab0000)]
  0x00c24c00 JavaThread "Finalizer" daemon [_thread_blocked, id=3932, stack(0x00f80000,0x00fd0000)]
  0x00bc6800 JavaThread "Reference Handler" daemon [_thread_blocked, id=6996, stack(0x00ef0000,0x00f40000)]

Other Threads:
=>0x00bc3800 VMThread [stack: 0x00e60000,0x00eb0000] [id=6888]

VM state:at safepoint (shutting down)

VM Mutex/Monitor currently owned by a thread:  ([mutex/lock_event])
[0x00d0b178] Threads_lock - owner thread: 0x00bc3800

Heap:
 def new generation   total 8000K, used 1964K [0x04600000, 0x04ea0000, 0x09b50000)
  eden space 7168K,  27% used [0x04600000, 0x047eb398, 0x04d00000)
  from space 832K,   0% used [0x04d00000, 0x04d00000, 0x04dd0000)
  to   space 832K,   0% used [0x04dd0000, 0x04dd0000, 0x04ea0000)
 tenured generation   total 17532K, used 10517K [0x09b50000, 0x0ac6f000, 0x14600000)
   the space 17532K,  59% used [0x09b50000, 0x0a595478, 0x0a595600, 0x0ac6f000)
 Metaspace       used 767K, capacity 2508K, committed 2624K, reserved 4480K

Card table byte_map: [0x00d90000,0x00e20000] byte_map_base: 0x00d6d000

Polling page: 0x006c0000

CodeCache: size=32768Kb used=1039Kb max_used=1044Kb free=31728Kb
 bounds [0x025a0000, 0x026a8000, 0x045a0000]
 total_blobs=532 nmethods=310 adapters=153
 compilation: enabled

Compilation events (10 events):
Event: 2.094 Thread 0x00c30400  306             sun.java2d.pipe.RenderBuffer::position (11 bytes)
Event: 2.094 Thread 0x00c30400 nmethod 306 0x02666748 code [0x02666840, 0x026668d0]
Event: 2.095 Thread 0x00c30400  307             sun.java2d.pipe.RenderQueue::ensureAlignment (28 bytes)
Event: 2.095 Thread 0x00c30400 nmethod 307 0x026664c8 code [0x026665c0, 0x026666a0]
Event: 2.096 Thread 0x00c30400  308             sun.java2d.pipe.RenderQueue::ensureCapacityAndAlignment (13 bytes)
Event: 2.097 Thread 0x00c30400 nmethod 308 0x02666188 code [0x02666290, 0x026663ac]
Event: 2.110 Thread 0x00c30400  310             java.util.concurrent.locks.AbstractOwnableSynchronizer::getExclusiveOwnerThread (5 bytes)
Event: 2.110 Thread 0x00c30400 nmethod 310 0x02665d08 code [0x02665e00, 0x02665e80]
Event: 3.071 Thread 0x00c30400  311             java.util.concurrent.locks.AbstractQueuedSynchronizer::getState (5 bytes)
Event: 3.071 Thread 0x00c30400 nmethod 311 0x026659c8 code [0x02665ac0, 0x02665b40]

GC Heap History (10 events):
Event: 1.636 GC heap before
{Heap before GC invocations=4 (full 0):
 def new generation   total 4928K, used 4928K [0x04600000, 0x04b50000, 0x09b50000)
  eden space 4416K, 100% used [0x04600000, 0x04a50000, 0x04a50000)
  from space 512K, 100% used [0x04a50000, 0x04ad0000, 0x04ad0000)
  to   space 512K,   0% used [0x04ad0000, 0x04ad0000, 0x04b50000)
 tenured generation   total 10944K, used 4422K [0x09b50000, 0x0a600000, 0x14600000)
   the space 10944K,  40% used [0x09b50000, 0x09fa1a80, 0x09fa1c00, 0x0a600000)
 Metaspace       used 724K, capacity 2508K, committed 2624K, reserved 4480K
Event: 1.644 GC heap after
Heap after GC invocations=5 (full 0):
 def new generation   total 4928K, used 17K [0x04600000, 0x04b50000, 0x09b50000)
  eden space 4416K,   0% used [0x04600000, 0x04600000, 0x04a50000)
  from space 512K,   3% used [0x04ad0000, 0x04ad4428, 0x04b50000)
  to   space 512K,   0% used [0x04a50000, 0x04a50000, 0x04ad0000)
 tenured generation   total 10944K, used 7533K [0x09b50000, 0x0a600000, 0x14600000)
   the space 10944K,  68% used [0x09b50000, 0x0a2ab5a0, 0x0a2ab600, 0x0a600000)
 Metaspace       used 724K, capacity 2508K, committed 2624K, reserved 4480K
}
Event: 1.806 GC heap before
{Heap before GC invocations=5 (full 0):
 def new generation   total 4928K, used 4433K [0x04600000, 0x04b50000, 0x09b50000)
  eden space 4416K, 100% used [0x04600000, 0x04a50000, 0x04a50000)
  from space 512K,   3% used [0x04ad0000, 0x04ad4428, 0x04b50000)
  to   space 512K,   0% used [0x04a50000, 0x04a50000, 0x04ad0000)
 tenured generation   total 10944K, used 7533K [0x09b50000, 0x0a600000, 0x14600000)
   the space 10944K,  68% used [0x09b50000, 0x0a2ab5a0, 0x0a2ab600, 0x0a600000)
 Metaspace       used 730K, capacity 2508K, committed 2624K, reserved 4480K
Event: 1.807 GC heap after
Heap after GC invocations=6 (full 0):
 def new generation   total 4928K, used 408K [0x04600000, 0x04b50000, 0x09b50000)
  eden space 4416K,   0% used [0x04600000, 0x04600000, 0x04a50000)
  from space 512K,  79% used [0x04a50000, 0x04ab6228, 0x04ad0000)
  to   space 512K,   0% used [0x04ad0000, 0x04ad0000, 0x04b50000)
 tenured generation   total 10944K, used 7533K [0x09b50000, 0x0a600000, 0x14600000)
   the space 10944K,  68% used [0x09b50000, 0x0a2ab5a0, 0x0a2ab600, 0x0a600000)
 Metaspace       used 730K, capacity 2508K, committed 2624K, reserved 4480K
}
Event: 1.843 GC heap before
{Heap before GC invocations=6 (full 0):
 def new generation   total 4928K, used 4824K [0x04600000, 0x04b50000, 0x09b50000)
  eden space 4416K, 100% used [0x04600000, 0x04a50000, 0x04a50000)
  from space 512K,  79% used [0x04a50000, 0x04ab6228, 0x04ad0000)
  to   space 512K,   0% used [0x04ad0000, 0x04ad0000, 0x04b50000)
 tenured generation   total 10944K, used 7533K [0x09b50000, 0x0a600000, 0x14600000)
   the space 10944K,  68% used [0x09b50000, 0x0a2ab5a0, 0x0a2ab600, 0x0a600000)
 Metaspace       used 730K, capacity 2508K, committed 2624K, reserved 4480K
Event: 1.850 GC heap after
Heap after GC invocations=7 (full 0):
 def new generation   total 4928K, used 17K [0x04600000, 0x04b50000, 0x09b50000)
  eden space 4416K,   0% used [0x04600000, 0x04600000, 0x04a50000)
  from space 512K,   3% used [0x04ad0000, 0x04ad4620, 0x04b50000)
  to   space 512K,   0% used [0x04a50000, 0x04a50000, 0x04ad0000)
 tenured generation   total 10944K, used 10540K [0x09b50000, 0x0a600000, 0x14600000)
   the space 10944K,  96% used [0x09b50000, 0x0a59b0a8, 0x0a59b200, 0x0a600000)
 Metaspace       used 730K, capacity 2508K, committed 2624K, reserved 4480K
}
Event: 1.973 GC heap before
{Heap before GC invocations=7 (full 0):
 def new generation   total 4928K, used 4433K [0x04600000, 0x04b50000, 0x09b50000)
  eden space 4416K, 100% used [0x04600000, 0x04a50000, 0x04a50000)
  from space 512K,   3% used [0x04ad0000, 0x04ad4620, 0x04b50000)
  to   space 512K,   0% used [0x04a50000, 0x04a50000, 0x04ad0000)
 tenured generation   total 10944K, used 10540K [0x09b50000, 0x0a600000, 0x14600000)
   the space 10944K,  96% used [0x09b50000, 0x0a59b0a8, 0x0a59b200, 0x0a600000)
 Metaspace       used 730K, capacity 2508K, committed 2624K, reserved 4480K
Event: 1.974 GC heap after
Heap after GC invocations=8 (full 0):
 def new generation   total 4928K, used 382K [0x04600000, 0x04b50000, 0x09b50000)
  eden space 4416K,   0% used [0x04600000, 0x04600000, 0x04a50000)
  from space 512K,  74% used [0x04a50000, 0x04aaf830, 0x04ad0000)
  to   space 512K,   0% used [0x04ad0000, 0x04ad0000, 0x04b50000)
 tenured generation   total 10944K, used 10540K [0x09b50000, 0x0a600000, 0x14600000)
   the space 10944K,  96% used [0x09b50000, 0x0a59b0a8, 0x0a59b200, 0x0a600000)
 Metaspace       used 730K, capacity 2508K, committed 2624K, reserved 4480K
}
Event: 2.009 GC heap before
{Heap before GC invocations=8 (full 0):
 def new generation   total 4928K, used 4798K [0x04600000, 0x04b50000, 0x09b50000)
  eden space 4416K, 100% used [0x04600000, 0x04a50000, 0x04a50000)
  from space 512K,  74% used [0x04a50000, 0x04aaf830, 0x04ad0000)
  to   space 512K,   0% used [0x04ad0000, 0x04ad0000, 0x04b50000)
 tenured generation   total 10944K, used 10540K [0x09b50000, 0x0a600000, 0x14600000)
   the space 10944K,  96% used [0x09b50000, 0x0a59b0a8, 0x0a59b200, 0x0a600000)
 Metaspace       used 730K, capacity 2508K, committed 2624K, reserved 4480K
Event: 2.034 GC heap after
Heap after GC invocations=9 (full 1):
 def new generation   total 8000K, used 0K [0x04600000, 0x04ea0000, 0x09b50000)
  eden space 7168K,   0% used [0x04600000, 0x04600000, 0x04d00000)
  from space 832K,   0% used [0x04d00000, 0x04d00000, 0x04dd0000)
  to   space 832K,   0% used [0x04dd0000, 0x04dd0000, 0x04ea0000)
 tenured generation   total 17532K, used 10517K [0x09b50000, 0x0ac6f000, 0x14600000)
   the space 17532K,  59% used [0x09b50000, 0x0a595478, 0x0a595600, 0x0ac6f000)
 Metaspace       used 730K, capacity 2508K, committed 2624K, reserved 4480K
}

Deoptimization events (0 events):
No events

Classes redefined (0 events):
No events

Internal exceptions (10 events):
Event: 0.071 Thread 0x00d0c800 Exception <a 'java/lang/NoSuchMethodError': Method sun.misc.Unsafe.defineClass(Ljava/lang/String;[BII)Ljava/lang/Class; name or signature does not match> (0x046079b8) thrown at [C:\re\workspace\8-2-build-windows-i586-cygwin\jdk8u161\10277\hotspot\src\shar
Event: 0.071 Thread 0x00d0c800 Exception <a 'java/lang/NoSuchMethodError': Method sun.misc.Unsafe.prefetchRead(Ljava/lang/Object;J)V name or signature does not match> (0x04607c88) thrown at [C:\re\workspace\8-2-build-windows-i586-cygwin\jdk8u161\10277\hotspot\src\share\vm\prims\jni.cpp
Event: 0.351 Thread 0x00d0c800 Exception <a 'java/security/PrivilegedActionException'> (0x046a6af0) thrown at [C:\re\workspace\8-2-build-windows-i586-cygwin\jdk8u161\10277\hotspot\src\share\vm\prims\jvm.cpp, line 1390]
Event: 0.351 Thread 0x00d0c800 Exception <a 'java/security/PrivilegedActionException'> (0x046a6cf0) thrown at [C:\re\workspace\8-2-build-windows-i586-cygwin\jdk8u161\10277\hotspot\src\share\vm\prims\jvm.cpp, line 1390]
Event: 0.353 Thread 0x00d0c800 Exception <a 'java/security/PrivilegedActionException'> (0x046aadc8) thrown at [C:\re\workspace\8-2-build-windows-i586-cygwin\jdk8u161\10277\hotspot\src\share\vm\prims\jvm.cpp, line 1390]
Event: 0.353 Thread 0x00d0c800 Exception <a 'java/security/PrivilegedActionException'> (0x046aafc8) thrown at [C:\re\workspace\8-2-build-windows-i586-cygwin\jdk8u161\10277\hotspot\src\share\vm\prims\jvm.cpp, line 1390]
Event: 0.362 Thread 0x00d0c800 Exception <a 'java/io/FileNotFoundException'> (0x046afa70) thrown at [C:\re\workspace\8-2-build-windows-i586-cygwin\jdk8u161\10277\hotspot\src\share\vm\prims\jni.cpp, line 709]
Event: 0.437 Thread 0x00d0c800 Exception <a 'java/lang/NoSuchFieldError': method resolution failed> (0x0476d848) thrown at [C:\re\workspace\8-2-build-windows-i586-cygwin\jdk8u161\10277\hotspot\src\share\vm\prims\methodHandles.cpp, line 1167]
Event: 0.442 Thread 0x00d0c800 Exception <a 'java/lang/NoSuchFieldError': method resolution failed> (0x047799e8) thrown at [C:\re\workspace\8-2-build-windows-i586-cygwin\jdk8u161\10277\hotspot\src\share\vm\prims\methodHandles.cpp, line 1167]
Event: 0.548 Thread 0x00d0c800 Exception <a 'java/io/FileNotFoundException'> (0x04860558) thrown at [C:\re\workspace\8-2-build-windows-i586-cygwin\jdk8u161\10277\hotspot\src\share\vm\prims\jni.cpp, line 709]

Events (10 events):
Event: 2.125 loading class java/text/AttributedString$AttributedStringIterator done
Event: 3.071 Thread 0x14d9f400 Thread added: 0x14d9f400
Event: 3.071 Thread 0x14d22c00 Thread added: 0x14d22c00
Event: 3.072 loading class sun/java2d/pipe/hw/AccelDeviceEventNotifier
Event: 3.072 Thread 0x14d4b800 Thread exited: 0x14d4b800
Event: 3.073 loading class sun/java2d/pipe/hw/AccelDeviceEventNotifier done
Event: 3.073 Thread 0x14d9f400 Thread exited: 0x14d9f400
Event: 3.260 Thread 0x14d11c00 Thread exited: 0x14d11c00
Event: 3.324 Thread 0x00c2d400 Thread exited: 0x00c2d400
Event: 3.324 Executing VM operation: Exit


Dynamic libraries:
0x01150000 - 0x01183000 	C:\Program Files (x86)\Java\jdk1.8.0_161\bin\java.exe
0x77d00000 - 0x77e90000 	C:\WINDOWS\SYSTEM32\ntdll.dll
0x75440000 - 0x75520000 	C:\WINDOWS\System32\KERNEL32.DLL
0x77060000 - 0x77244000 	C:\WINDOWS\System32\KERNELBASE.dll
0x6b490000 - 0x6b52d000 	C:\WINDOWS\SYSTEM32\apphelp.dll
0x77b90000 - 0x77c08000 	C:\WINDOWS\System32\ADVAPI32.dll
0x74c00000 - 0x74cbf000 	C:\WINDOWS\System32\msvcrt.dll
0x77b40000 - 0x77b84000 	C:\WINDOWS\System32\sechost.dll
0x75070000 - 0x75130000 	C:\WINDOWS\System32\RPCRT4.dll
0x745c0000 - 0x745e0000 	C:\WINDOWS\System32\SspiCli.dll
0x745b0000 - 0x745ba000 	C:\WINDOWS\System32\CRYPTBASE.dll
0x776d0000 - 0x77728000 	C:\WINDOWS\System32\bcryptPrimitives.dll
0x752b0000 - 0x7543d000 	C:\WINDOWS\System32\USER32.dll
0x778f0000 - 0x77907000 	C:\WINDOWS\System32\win32u.dll
0x75040000 - 0x75062000 	C:\WINDOWS\System32\GDI32.dll
0x74cc0000 - 0x74e24000 	C:\WINDOWS\System32\gdi32full.dll
0x75130000 - 0x751ad000 	C:\WINDOWS\System32\msvcp_win.dll
0x77260000 - 0x7737e000 	C:\WINDOWS\System32\ucrtbase.dll
0x6fff0000 - 0x701f4000 	C:\WINDOWS\WinSxS\x86_microsoft.windows.common-controls_6595b64144ccf1df_6.0.17134.471_none_42ebd18244e5251c\COMCTL32.dll
0x77380000 - 0x775dc000 	C:\WINDOWS\System32\combase.dll
0x75270000 - 0x75296000 	C:\WINDOWS\System32\IMM32.DLL
0x70580000 - 0x7063d000 	C:\Program Files (x86)\Java\jdk1.8.0_161\jre\bin\msvcr100.dll
0x70640000 - 0x70a10000 	C:\Program Files (x86)\Java\jdk1.8.0_161\jre\bin\client\jvm.dll
0x77ae0000 - 0x77ae6000 	C:\WINDOWS\System32\PSAPI.DLL
0x71d70000 - 0x71d94000 	C:\WINDOWS\SYSTEM32\WINMM.dll
0x72370000 - 0x72378000 	C:\WINDOWS\SYSTEM32\WSOCK32.dll
0x74fd0000 - 0x75037000 	C:\WINDOWS\System32\WS2_32.dll
0x74510000 - 0x74518000 	C:\WINDOWS\SYSTEM32\VERSION.dll
0x71ce0000 - 0x71d03000 	C:\WINDOWS\SYSTEM32\winmmbase.dll
0x77020000 - 0x77059000 	C:\WINDOWS\System32\cfgmgr32.dll
0x70540000 - 0x7054c000 	C:\Program Files (x86)\Java\jdk1.8.0_161\jre\bin\verify.dll
0x70510000 - 0x70532000 	C:\Program Files (x86)\Java\jdk1.8.0_161\jre\bin\java.dll
0x704f0000 - 0x70504000 	C:\Program Files (x86)\Java\jdk1.8.0_161\jre\bin\zip.dll
0x75cd0000 - 0x7701a000 	C:\WINDOWS\System32\SHELL32.dll
0x74690000 - 0x74718000 	C:\WINDOWS\System32\shcore.dll
0x75570000 - 0x75b2a000 	C:\WINDOWS\System32\windows.storage.dll
0x77af0000 - 0x77b35000 	C:\WINDOWS\System32\shlwapi.dll
0x776c0000 - 0x776cf000 	C:\WINDOWS\System32\kernel.appcore.dll
0x74720000 - 0x74738000 	C:\WINDOWS\System32\profapi.dll
0x75520000 - 0x75565000 	C:\WINDOWS\System32\powrprof.dll
0x752a0000 - 0x752a8000 	C:\WINDOWS\System32\FLTLIB.DLL
0x6b590000 - 0x6b6d5000 	C:\Program Files (x86)\Java\jdk1.8.0_161\jre\bin\awt.dll
0x74f30000 - 0x74fc6000 	C:\WINDOWS\System32\OLEAUT32.dll
0x71a70000 - 0x71aec000 	C:\WINDOWS\system32\uxtheme.dll
0x77790000 - 0x778d3000 	C:\WINDOWS\System32\MSCTF.dll
0x72770000 - 0x7282f000 	C:\WINDOWS\system32\pmls.dll
0x74e30000 - 0x74f2c000 	C:\WINDOWS\System32\ole32.dll
0x71d10000 - 0x71d66000 	C:\WINDOWS\system32\OLEACC.dll
0x71e60000 - 0x722b4000 	C:\WINDOWS\system32\WININET.dll
0x71780000 - 0x717a9000 	C:\WINDOWS\SYSTEM32\ntmarta.dll
0x719f0000 - 0x71a13000 	C:\WINDOWS\system32\dwmapi.dll
0x73770000 - 0x737da000 	C:\WINDOWS\SYSTEM32\Schannel.dll
0x75b30000 - 0x75cc6000 	C:\WINDOWS\System32\CRYPT32.dll
0x77250000 - 0x7725e000 	C:\WINDOWS\System32\MSASN1.dll
0x739e0000 - 0x73a36000 	C:\WINDOWS\system32\mswsock.dll
0x6ab80000 - 0x6ac59000 	C:\WINDOWS\system32\opengl32.dll
0x6ab40000 - 0x6ab7f000 	C:\WINDOWS\SYSTEM32\GLU32.dll
0x696c0000 - 0x696f9000 	C:\Program Files (x86)\Java\jdk1.8.0_161\jre\bin\fontmanager.dll
0x6c780000 - 0x6c7fd000 	C:\WINDOWS\System32\TextInputFramework.dll
0x6b1b0000 - 0x6b40d000 	C:\WINDOWS\System32\CoreUIComponents.dll
0x6c6f0000 - 0x6c77b000 	C:\WINDOWS\System32\CoreMessaging.dll
0x6ccc0000 - 0x6cd96000 	C:\WINDOWS\SYSTEM32\wintypes.dll
0x73810000 - 0x73836000 	C:\Program Files (x86)\Java\jdk1.8.0_161\jre\bin\jpeg.dll
0x6d400000 - 0x6d415000 	C:\Program Files (x86)\Java\jdk1.8.0_161\jre\bin\net.dll
0x6fbb0000 - 0x6fbbf000 	C:\Program Files (x86)\Java\jdk1.8.0_161\jre\bin\nio.dll
0x693f0000 - 0x69422000 	C:\Program Files (x86)\Java\jdk1.8.0_161\jre\bin\t2k.dll
0x715f0000 - 0x71772000 	C:\WINDOWS\SYSTEM32\dbghelp.dll

VM Arguments:
jvm_args: -Dfile.encoding=UTF-8 
java_command: start.Main
java_class_path (initial): C:\Users\TRABELSI\Documents\NetBeansProjects\Naval\build\classes
Launcher Type: SUN_STANDARD

Environment Variables:
PATH=C:\Program Files (x86)\AMD APP\bin\x86_64;C:\Program Files (x86)\AMD APP\bin\x86;C:\WINDOWS\system32;C:\WINDOWS;C:\WINDOWS\System32\Wbem;C:\WINDOWS\System32\WindowsPowerShell\v1.0\;C:\Program Files (x86)\ATI Technologies\ATI.ACE\Core-Static;C:\Program Files (x86)\php;C:\composer;C:\Program Files\dotnet\;C:\Program Files\Microsoft SQL Server\130\Tools\Binn\;C:\WINDOWS\System32\OpenSSH\;"C:\Java\jdk-11_windows-x64_bin\jdk-11\bin;";C:\Program Files\Git\cmd;C:\Users\TRABELSI\AppData\Local\Microsoft\WindowsApps;C:\Users\TRABELSI\AppData\Roaming\Composer\vendor\bin;C:\sqlite3;C:\php7.1.9;C:\Java\jdk-11_windows-x64_bin\jdk-11\bin;
USERNAME=TRABELSI
OS=Windows_NT
PROCESSOR_IDENTIFIER=AMD64 Family 21 Model 16 Stepping 1, AuthenticAMD



---------------  S Y S T E M  ---------------

OS: Windows 10.0 , 64 bit Build 17134 (10.0.17134.1)

CPU:total 2 (initial active 2) (2 cores per cpu, 1 threads per core) family 21 model 16 stepping 1, cmov, cx8, fxsr, mmx, sse, sse2, sse3, ssse3, sse4.1, sse4.2, popcnt, avx, aes, clmul, mmxext, 3dnowpref, lzcnt, sse4a, tsc, tscinvbit, tscinv, bmi1

Memory: 4k page, physical 3639572k(876712k free), swap 7047444k(3593180k free)

vm_info: Java HotSpot(TM) Client VM (25.161-b12) for windows-x86 JRE (1.8.0_161-b12), built on Dec 19 2017 17:09:29 by "java_re" with MS VC++ 10.0 (VS2010)

time: Wed Dec 12 12:04:22 2018
elapsed time: 12 seconds (0d 0h 0m 12s)

